INFO: [VRFC 10-163] Analyzing VHDL file "C:/Users/40756/Desktop/An 3 Sem 1/SSC/Proiect/ALU - SSC/ALU - SSC.sim/sim_1/impl/func/RestoringDivision_TB_func_impl.vhd" into library xil_defaultlib
INFO: [VRFC 10-307] analyzing entity BoothUC
INFO: [VRFC 10-307] analyzing entity FDN
INFO: [VRFC 10-307] analyzing entity MPG
INFO: [VRFC 10-307] analyzing entity MPG_0
INFO: [VRFC 10-307] analyzing entity RestoringDivision
INFO: [VRFC 10-307] analyzing entity RightShifter
INFO: [VRFC 10-307] analyzing entity RightShifter_1
INFO: [VRFC 10-307] analyzing entity SSD
INFO: [VRFC 10-307] analyzing entity xil_defaultlib_FD
INFO: [VRFC 10-307] analyzing entity BoothMultiplier
INFO: [VRFC 10-307] analyzing entity ALU
INFO: [VRFC 10-163] Analyzing VHDL file "C:/Users/40756/Desktop/An 3 Sem 1/SSC/Proiect/ALU - SSC/ALU - SSC.srcs/sources_1/new/PartialFullAdder.vhd" into library xil_defaultlib
INFO: [VRFC 10-307] analyzing entity PartialFullAdder
INFO: [VRFC 10-163] Analyzing VHDL file "C:/Users/40756/Desktop/An 3 Sem 1/SSC/Proiect/ALU - SSC/ALU - SSC.srcs/sources_1/new/TwosComplement.vhd" into library xil_defaultlib
INFO: [VRFC 10-307] analyzing entity TwosComplement
INFO: [VRFC 10-163] Analyzing VHDL file "C:/Users/40756/Desktop/An 3 Sem 1/SSC/Proiect/ALU - SSC/ALU - SSC.srcs/sources_1/new/CarryLookAheadAdder.vhd" into library xil_defaultlib
INFO: [VRFC 10-307] analyzing entity CarryLookAheadAdder
INFO: [VRFC 10-163] Analyzing VHDL file "C:/Users/40756/Desktop/An 3 Sem 1/SSC/Proiect/ALU - SSC/ALU - SSC.srcs/sources_1/new/RestoringDivision.vhd" into library xil_defaultlib
INFO: [VRFC 10-307] analyzing entity RestoringDivision
WARNING: [VRFC 10-1193] overwriting existing primary unit restoringdivision [C:/Users/40756/Desktop/An 3 Sem 1/SSC/Proiect/ALU - SSC/ALU - SSC.srcs/sources_1/new/RestoringDivision.vhd:37]
INFO: [VRFC 10-163] Analyzing VHDL file "C:/Users/40756/Desktop/An 3 Sem 1/SSC/Proiect/ALU - SSC/ALU - SSC.srcs/sim_1/new/RestoringDivision_TB.vhd" into library xil_defaultlib
INFO: [VRFC 10-307] analyzing entity RestoringDivision_TB
