Vivado Simulator 2016.4
Copyright 1986-1999, 2001-2016 Xilinx, Inc. All Rights Reserved.
Running: C:/Xilinx/Vivado/2016.4/bin/unwrapped/win64.o/xelab.exe -wto 253dcd6c227145348b8fff94dec4fa5d --debug typical --relax --mt 2 -L xil_defaultlib -L secureip --snapshot RestoringDivision_TB_func_impl xil_defaultlib.RestoringDivision_TB -log elaborate.log 
Using 2 slave threads.
Starting static elaboration
Completed static elaboration
Starting simulation data flow analysis
Completed simulation data flow analysis
Time Resolution for simulation is 1ps
Compiling package std.standard
Compiling package std.textio
Compiling package ieee.std_logic_1164
Compiling package ieee.std_logic_arith
Compiling package ieee.std_logic_unsigned
Compiling package ieee.numeric_std
Compiling architecture behavioral of entity xil_defaultlib.TwosComplement [twoscomplement_default]
Compiling architecture behavioral of entity xil_defaultlib.PartialFullAdder [partialfulladder_default]
Compiling architecture behavioral of entity xil_defaultlib.CarryLookAheadAdder [carrylookaheadadder_default]
Compiling architecture behavioral of entity xil_defaultlib.RestoringDivision [restoringdivision_default]
Compiling architecture tb of entity xil_defaultlib.restoringdivision_tb
